<?xml version="1.0" encoding="UTF-8"?>
<testng-results ignored="0" total="2" passed="2" failed="0" skipped="0">
  <reporter-output>
  </reporter-output>
  <suite started-at="2021-09-13T09:02:30 GMT" name="Test-Suite" finished-at="2021-09-13T09:03:02 GMT" duration-ms="32531">
    <groups>
      <group name="cucumber">
        <method signature="AbstractTestNGCucumberTests.runScenario(io.cucumber.testng.PickleWrapper,io.cucumber.testng.FeatureWrapper)[pri:0, instance:TestRunner@1534f01b]" name="runScenario" class="io.cucumber.testng.AbstractTestNGCucumberTests"/>
      </group> <!-- cucumber -->
    </groups>
    <test started-at="2021-09-13T09:02:30 GMT" name="UI Tests" finished-at="2021-09-13T09:03:02 GMT" duration-ms="32531">
      <class name="TestRunner">
        <test-method is-config="true" signature="setUpClass()[pri:0, instance:TestRunner@1534f01b]" started-at="2021-09-13T09:02:30 GMT" name="setUpClass" finished-at="2021-09-13T09:02:31 GMT" duration-ms="625" status="PASS">
          <reporter-output>
          </reporter-output>
        </test-method> <!-- setUpClass -->
        <test-method signature="runScenario(io.cucumber.testng.PickleWrapper,io.cucumber.testng.FeatureWrapper)[pri:0, instance:TestRunner@1534f01b]" started-at="2021-09-13T09:02:31 GMT" name="runScenario" description="Runs Cucumber Scenarios" data-provider="scenarios" finished-at="2021-09-13T09:02:49 GMT" duration-ms="18711" status="PASS">
          <params>
            <param index="0">
              <value>
                <![CDATA["Verify the borrow estimation and cleanup"]]>
              </value>
            </param>
            <param index="1">
              <value>
                <![CDATA["Optional[Verify the loan calculator feature]"]]>
              </value>
            </param>
          </params>
          <reporter-output>
          </reporter-output>
        </test-method> <!-- runScenario -->
        <test-method signature="runScenario(io.cucumber.testng.PickleWrapper,io.cucumber.testng.FeatureWrapper)[pri:0, instance:TestRunner@1534f01b]" started-at="2021-09-13T09:02:49 GMT" name="runScenario" description="Runs Cucumber Scenarios" data-provider="scenarios" finished-at="2021-09-13T09:03:02 GMT" duration-ms="12882" status="PASS">
          <params>
            <param index="0">
              <value>
                <![CDATA["Negative test- Verify the invalid output"]]>
              </value>
            </param>
            <param index="1">
              <value>
                <![CDATA["Optional[Verify the loan calculator feature]"]]>
              </value>
            </param>
          </params>
          <reporter-output>
          </reporter-output>
        </test-method> <!-- runScenario -->
        <test-method is-config="true" signature="tearDownClass()[pri:0, instance:TestRunner@1534f01b]" started-at="2021-09-13T09:03:02 GMT" name="tearDownClass" finished-at="2021-09-13T09:03:02 GMT" duration-ms="250" status="PASS">
          <reporter-output>
          </reporter-output>
        </test-method> <!-- tearDownClass -->
      </class> <!-- TestRunner -->
    </test> <!-- UI Tests -->
  </suite> <!-- Test-Suite -->
</testng-results>
