<?xml version="1.0" encoding="UTF-8"?>
<testsuite xmlns:xsi="http://www.w3.org/2001/XMLSchema-instance" xsi:noNamespaceSchemaLocation="https://maven.apache.org/surefire/maven-surefire-plugin/xsd/surefire-test-report-3.0.xsd" version="3.0" name="TestSuite" time="33.39" tests="2" errors="0" skipped="0" failures="0">
  <properties>
[...]
</properties>
  <testcase name="runScenario[&quot;Verify the borrow estimation and cleanup&quot;, &quot;Optional[Verify the loan calculator feature]&quot;](1)" classname="TestRunner" time="19.117">
    <system-out><![CDATA[
@scenario1
Scenario: Verify the borrow estimation and cleanup                            # src/test/resources/features/LoanCalculatorTest.feature:7
get  browser before test starts
browser type is:
2021-09-13 09:02:31,727 main DEBUG Apache Log4j Core 2.14.1 initializing configuration XmlConfiguration[location=D:\SeleniumFramework\target\test-classes\log4j2.xml]
2021-09-13 09:02:31,727 main DEBUG Installed 0 script engines
2021-09-13 09:02:31,743 main DEBUG Took 0.003525 seconds to load 0 plugins from package org.apache.logging.log4j.test
2021-09-13 09:02:31,743 main DEBUG PluginManager 'Core' found 122 plugins
2021-09-13 09:02:31,743 main DEBUG PluginManager 'Level' found 0 plugins
2021-09-13 09:02:31,743 main DEBUG Building Plugin[name=property, class=org.apache.logging.log4j.core.config.Property].
2021-09-13 09:02:31,774 main DEBUG PluginManager 'TypeConverter' found 26 plugins
2021-09-13 09:02:31,790 main DEBUG createProperty(name="filename", value="target/log/test.log")
2021-09-13 09:02:31,790 main DEBUG Building Plugin[name=properties, class=org.apache.logging.log4j.core.config.PropertiesPlugin].
2021-09-13 09:02:31,790 main DEBUG configureSubstitutor(={filename=target/log/test.log}, Configuration(XMLConfigTest))
2021-09-13 09:02:31,790 main DEBUG PluginManager 'Lookup' found 16 plugins
2021-09-13 09:02:31,790 main DEBUG Building Plugin[name=filter, class=org.apache.logging.log4j.core.filter.ThresholdFilter].
2021-09-13 09:02:31,790 main DEBUG createFilter(level="INFO", onMatch="null", onMismatch="null")
2021-09-13 09:02:31,790 main DEBUG Building Plugin[name=layout, class=org.apache.logging.log4j.core.layout.PatternLayout].
2021-09-13 09:02:31,805 main DEBUG PatternLayout$Builder(pattern="[%d{HH:mm:ss:SSS}] [%p] - %l - %m%n", PatternSelector=null, Configuration(XMLConfigTest), Replace=null, charset="null", alwaysWriteExceptions="null", disableAnsi="null", noConsoleNoAnsi="null", header="null", footer="null")
2021-09-13 09:02:31,805 main DEBUG PluginManager 'Converter' found 44 plugins
2021-09-13 09:02:31,805 main DEBUG Building Plugin[name=appender, class=org.apache.logging.log4j.core.appender.ConsoleAppender].
2021-09-13 09:02:31,821 main DEBUG ConsoleAppender$Builder(target="SYSTEM_OUT", follow="null", direct="null", bufferedIo="null", bufferSize="null", immediateFlush="null", ignoreExceptions="null", PatternLayout([%d{HH:mm:ss:SSS}] [%p] - %l - %m%n), name="Console", Configuration(XMLConfigTest), Filter=null, ={})
2021-09-13 09:02:31,821 main DEBUG Starting OutputStreamManager SYSTEM_OUT.false.false
2021-09-13 09:02:31,837 main DEBUG Building Plugin[name=layout, class=org.apache.logging.log4j.core.layout.PatternLayout].
2021-09-13 09:02:31,837 main DEBUG PatternLayout$Builder(pattern="%d{HH:mm:ss.SSS} %-5level %class{36} %L %M - %msg%xEx%n", PatternSelector=null, Configuration(XMLConfigTest), Replace=null, charset="null", alwaysWriteExceptions="null", disableAnsi="null", noConsoleNoAnsi="null", header="null", footer="null")
2021-09-13 09:02:31,837 main DEBUG Building Plugin[name=appender, class=org.apache.logging.log4j.core.appender.FileAppender].
2021-09-13 09:02:31,837 main DEBUG FileAppender$Builder(fileName="log/test.log", append="false", locking="null", advertise="null", advertiseUri="null", createOnDemand="null", filePermissions="null", fileOwner="null", fileGroup="null", bufferedIo="null", bufferSize="null", immediateFlush="null", ignoreExceptions="null", PatternLayout(%d{HH:mm:ss.SSS} %-5level %class{36} %L %M - %msg%xEx%n), name="log", Configuration(XMLConfigTest), Filter=null, ={})
2021-09-13 09:02:31,837 main DEBUG Starting FileManager log/test.log
2021-09-13 09:02:31,837 main DEBUG Building Plugin[name=filter, class=org.apache.logging.log4j.core.filter.ThresholdFilter].
2021-09-13 09:02:31,837 main DEBUG createFilter(level="INFO", onMatch="ACCEPT", onMismatch="DENY")
2021-09-13 09:02:31,837 main DEBUG Building Plugin[name=layout, class=org.apache.logging.log4j.core.layout.PatternLayout].
2021-09-13 09:02:31,837 main DEBUG PatternLayout$Builder(pattern="[%d{HH:mm:ss:SSS}] [%p] - %l - %m%n", PatternSelector=null, Configuration(XMLConfigTest), Replace=null, charset="null", alwaysWriteExceptions="null", disableAnsi="null", noConsoleNoAnsi="null", header="null", footer="null")
2021-09-13 09:02:31,837 main DEBUG Building Plugin[name=TimeBasedTriggeringPolicy, class=org.apache.logging.log4j.core.appender.rolling.TimeBasedTriggeringPolicy].
2021-09-13 09:02:31,837 main DEBUG TimeBasedTriggeringPolicy$Builder(interval="null", modulate="null", maxRandomDelay="null")
2021-09-13 09:02:31,837 main DEBUG Building Plugin[name=SizeBasedTriggeringPolicy, class=org.apache.logging.log4j.core.appender.rolling.SizeBasedTriggeringPolicy].
2021-09-13 09:02:31,837 main DEBUG createPolicy(size="100 MB")
2021-09-13 09:02:31,852 main DEBUG Building Plugin[name=Policies, class=org.apache.logging.log4j.core.appender.rolling.CompositeTriggeringPolicy].
2021-09-13 09:02:31,852 main DEBUG createPolicy(={TimeBasedTriggeringPolicy(nextRolloverMillis=0, interval=1, modulate=false), SizeBasedTriggeringPolicy(size=104857600)})
2021-09-13 09:02:31,852 main DEBUG Building Plugin[name=appender, class=org.apache.logging.log4j.core.appender.RollingFileAppender].
2021-09-13 09:02:31,852 main DEBUG RollingFileAppender$Builder(fileName="D:\Users\sherry.li/logs/info.log", filePattern="D:\Users\sherry.li/logs/${date:yyyy-MM}/info-%d{yyyy-MM-dd}-%i.log", append="null", locking="null", Policies(CompositeTriggeringPolicy(policies=[TimeBasedTriggeringPolicy(nextRolloverMillis=0, interval=1, modulate=false), SizeBasedTriggeringPolicy(size=104857600)])), Strategy=null, advertise="null", advertiseUri="null", createOnDemand="null", filePermissions="null", fileOwner="null", fileGroup="null", bufferedIo="null", bufferSize="null", immediateFlush="null", ignoreExceptions="null", PatternLayout([%d{HH:mm:ss:SSS}] [%p] - %l - %m%n), name="RollingFileInfo", Configuration(XMLConfigTest), ThresholdFilter(INFO), ={})
2021-09-13 09:02:31,852 main DEBUG Returning file creation time for D:\Users\sherry.li\logs\info.log
2021-09-13 09:02:31,852 main DEBUG Starting RollingFileManager D:\Users\sherry.li/logs/info.log
2021-09-13 09:02:31,852 main DEBUG PluginManager 'FileConverter' found 2 plugins
2021-09-13 09:02:31,868 main DEBUG Setting prev file time to 2021-09-13T08:30:41.198+0000
2021-09-13 09:02:31,868 main DEBUG Initializing triggering policy CompositeTriggeringPolicy(policies=[TimeBasedTriggeringPolicy(nextRolloverMillis=0, interval=1, modulate=false), SizeBasedTriggeringPolicy(size=104857600)])
2021-09-13 09:02:31,868 main DEBUG Initializing triggering policy TimeBasedTriggeringPolicy(nextRolloverMillis=0, interval=1, modulate=false)
2021-09-13 09:02:31,868 main DEBUG Initializing triggering policy SizeBasedTriggeringPolicy(size=104857600)
2021-09-13 09:02:31,868 main DEBUG Building Plugin[name=filter, class=org.apache.logging.log4j.core.filter.ThresholdFilter].
2021-09-13 09:02:31,868 main DEBUG createFilter(level="WARN", onMatch="ACCEPT", onMismatch="DENY")
2021-09-13 09:02:31,868 main DEBUG Building Plugin[name=layout, class=org.apache.logging.log4j.core.layout.PatternLayout].
2021-09-13 09:02:31,868 main DEBUG PatternLayout$Builder(pattern="[%d{HH:mm:ss:SSS}] [%p] - %l - %m%n", PatternSelector=null, Configuration(XMLConfigTest), Replace=null, charset="null", alwaysWriteExceptions="null", disableAnsi="null", noConsoleNoAnsi="null", header="null", footer="null")
2021-09-13 09:02:31,868 main DEBUG Building Plugin[name=TimeBasedTriggeringPolicy, class=org.apache.logging.log4j.core.appender.rolling.TimeBasedTriggeringPolicy].
2021-09-13 09:02:31,884 main DEBUG TimeBasedTriggeringPolicy$Builder(interval="null", modulate="null", maxRandomDelay="null")
2021-09-13 09:02:31,884 main DEBUG Building Plugin[name=SizeBasedTriggeringPolicy, class=org.apache.logging.log4j.core.appender.rolling.SizeBasedTriggeringPolicy].
2021-09-13 09:02:31,884 main DEBUG createPolicy(size="100 MB")
2021-09-13 09:02:31,884 main DEBUG Building Plugin[name=Policies, class=org.apache.logging.log4j.core.appender.rolling.CompositeTriggeringPolicy].
2021-09-13 09:02:31,884 main DEBUG createPolicy(={TimeBasedTriggeringPolicy(nextRolloverMillis=0, interval=1, modulate=false), SizeBasedTriggeringPolicy(size=104857600)})
2021-09-13 09:02:31,884 main DEBUG Building Plugin[name=appender, class=org.apache.logging.log4j.core.appender.RollingFileAppender].
2021-09-13 09:02:31,884 main DEBUG RollingFileAppender$Builder(fileName="D:\Users\sherry.li/logs/warn.log", filePattern="D:\Users\sherry.li/logs/${date:yyyy-MM}/warn-%d{yyyy-MM-dd}-%i.log", append="null", locking="null", Policies(CompositeTriggeringPolicy(policies=[TimeBasedTriggeringPolicy(nextRolloverMillis=0, interval=1, modulate=false), SizeBasedTriggeringPolicy(size=104857600)])), Strategy=null, advertise="null", advertiseUri="null", createOnDemand="null", filePermissions="null", fileOwner="null", fileGroup="null", bufferedIo="null", bufferSize="null", immediateFlush="null", ignoreExceptions="null", PatternLayout([%d{HH:mm:ss:SSS}] [%p] - %l - %m%n), name="RollingFileWarn", Configuration(XMLConfigTest), ThresholdFilter(WARN), ={})
2021-09-13 09:02:31,884 main DEBUG Returning file creation time for D:\Users\sherry.li\logs\warn.log
2021-09-13 09:02:31,884 main DEBUG Starting RollingFileManager D:\Users\sherry.li/logs/warn.log
2021-09-13 09:02:31,884 main DEBUG PluginManager 'FileConverter' found 2 plugins
2021-09-13 09:02:31,884 main DEBUG Setting prev file time to 2021-09-13T08:30:41.229+0000
2021-09-13 09:02:31,884 main DEBUG Initializing triggering policy CompositeTriggeringPolicy(policies=[TimeBasedTriggeringPolicy(nextRolloverMillis=0, interval=1, modulate=false), SizeBasedTriggeringPolicy(size=104857600)])
2021-09-13 09:02:31,884 main DEBUG Initializing triggering policy TimeBasedTriggeringPolicy(nextRolloverMillis=0, interval=1, modulate=false)
2021-09-13 09:02:31,884 main DEBUG Initializing triggering policy SizeBasedTriggeringPolicy(size=104857600)
2021-09-13 09:02:31,884 main DEBUG Building Plugin[name=filter, class=org.apache.logging.log4j.core.filter.ThresholdFilter].
2021-09-13 09:02:31,884 main DEBUG createFilter(level="ERROR", onMatch="ACCEPT", onMismatch="DENY")
2021-09-13 09:02:31,884 main DEBUG Building Plugin[name=layout, class=org.apache.logging.log4j.core.layout.PatternLayout].
2021-09-13 09:02:31,884 main DEBUG PatternLayout$Builder(pattern="[%d{HH:mm:ss:SSS}] [%p] - %l - %m%n", PatternSelector=null, Configuration(XMLConfigTest), Replace=null, charset="null", alwaysWriteExceptions="null", disableAnsi="null", noConsoleNoAnsi="null", header="null", footer="null")
2021-09-13 09:02:31,884 main DEBUG Building Plugin[name=TimeBasedTriggeringPolicy, class=org.apache.logging.log4j.core.appender.rolling.TimeBasedTriggeringPolicy].
2021-09-13 09:02:31,899 main DEBUG TimeBasedTriggeringPolicy$Builder(interval="null", modulate="null", maxRandomDelay="null")
2021-09-13 09:02:31,899 main DEBUG Building Plugin[name=SizeBasedTriggeringPolicy, class=org.apache.logging.log4j.core.appender.rolling.SizeBasedTriggeringPolicy].
2021-09-13 09:02:31,899 main DEBUG createPolicy(size="100 MB")
2021-09-13 09:02:31,899 main DEBUG Building Plugin[name=Policies, class=org.apache.logging.log4j.core.appender.rolling.CompositeTriggeringPolicy].
2021-09-13 09:02:31,899 main DEBUG createPolicy(={TimeBasedTriggeringPolicy(nextRolloverMillis=0, interval=1, modulate=false), SizeBasedTriggeringPolicy(size=104857600)})
2021-09-13 09:02:31,899 main DEBUG Building Plugin[name=appender, class=org.apache.logging.log4j.core.appender.RollingFileAppender].
2021-09-13 09:02:31,899 main DEBUG RollingFileAppender$Builder(fileName="D:\Users\sherry.li/logs/error.log", filePattern="D:\Users\sherry.li/logs/${date:yyyy-MM}/error-%d{yyyy-MM-dd}-%i.log", append="null", locking="null", Policies(CompositeTriggeringPolicy(policies=[TimeBasedTriggeringPolicy(nextRolloverMillis=0, interval=1, modulate=false), SizeBasedTriggeringPolicy(size=104857600)])), Strategy=null, advertise="null", advertiseUri="null", createOnDemand="null", filePermissions="null", fileOwner="null", fileGroup="null", bufferedIo="null", bufferSize="null", immediateFlush="null", ignoreExceptions="null", PatternLayout([%d{HH:mm:ss:SSS}] [%p] - %l - %m%n), name="RollingFileError", Configuration(XMLConfigTest), ThresholdFilter(ERROR), ={})
2021-09-13 09:02:31,899 main DEBUG Returning file creation time for D:\Users\sherry.li\logs\error.log
2021-09-13 09:02:31,899 main DEBUG Starting RollingFileManager D:\Users\sherry.li/logs/error.log
2021-09-13 09:02:31,899 main DEBUG PluginManager 'FileConverter' found 2 plugins
2021-09-13 09:02:31,899 main DEBUG Setting prev file time to 2021-09-13T08:30:41.245+0000
2021-09-13 09:02:31,899 main DEBUG Initializing triggering policy CompositeTriggeringPolicy(policies=[TimeBasedTriggeringPolicy(nextRolloverMillis=0, interval=1, modulate=false), SizeBasedTriggeringPolicy(size=104857600)])
2021-09-13 09:02:31,899 main DEBUG Initializing triggering policy TimeBasedTriggeringPolicy(nextRolloverMillis=0, interval=1, modulate=false)
2021-09-13 09:02:31,899 main DEBUG Initializing triggering policy SizeBasedTriggeringPolicy(size=104857600)
2021-09-13 09:02:31,899 main DEBUG Building Plugin[name=appenders, class=org.apache.logging.log4j.core.config.AppendersPlugin].
2021-09-13 09:02:31,899 main DEBUG createAppenders(={Console, log, RollingFileInfo, RollingFileWarn, RollingFileError})
2021-09-13 09:02:31,899 main DEBUG Building Plugin[name=logger, class=org.apache.logging.log4j.core.config.LoggerConfig].
2021-09-13 09:02:31,899 main DEBUG createLogger(additivity="true", level="INFO", name="org.springframework", includeLocation="null", ={}, ={}, Configuration(XMLConfigTest), Filter=null)
2021-09-13 09:02:31,915 main DEBUG Building Plugin[name=logger, class=org.apache.logging.log4j.core.config.LoggerConfig].
2021-09-13 09:02:31,915 main DEBUG createLogger(additivity="true", level="INFO", name="org.mybatis", includeLocation="null", ={}, ={}, Configuration(XMLConfigTest), Filter=null)
2021-09-13 09:02:31,915 main DEBUG Building Plugin[name=appender-ref, class=org.apache.logging.log4j.core.config.AppenderRef].
2021-09-13 09:02:31,915 main DEBUG createAppenderRef(ref="Console", level="null", Filter=null)
2021-09-13 09:02:31,915 main DEBUG Building Plugin[name=appender-ref, class=org.apache.logging.log4j.core.config.AppenderRef].
2021-09-13 09:02:31,915 main DEBUG createAppenderRef(ref="RollingFileInfo", level="null", Filter=null)
2021-09-13 09:02:31,915 main DEBUG Building Plugin[name=appender-ref, class=org.apache.logging.log4j.core.config.AppenderRef].
2021-09-13 09:02:31,915 main DEBUG createAppenderRef(ref="RollingFileWarn", level="null", Filter=null)
2021-09-13 09:02:31,915 main DEBUG Building Plugin[name=appender-ref, class=org.apache.logging.log4j.core.config.AppenderRef].
2021-09-13 09:02:31,915 main DEBUG createAppenderRef(ref="RollingFileError", level="null", Filter=null)
2021-09-13 09:02:31,915 main DEBUG Building Plugin[name=root, class=org.apache.logging.log4j.core.config.LoggerConfig$RootLogger].
2021-09-13 09:02:31,915 main DEBUG createLogger(additivity="null", level="INFO", includeLocation="null", ={Console, RollingFileInfo, RollingFileWarn, RollingFileError}, ={}, Configuration(XMLConfigTest), Filter=null)
2021-09-13 09:02:31,915 main DEBUG Building Plugin[name=loggers, class=org.apache.logging.log4j.core.config.LoggersPlugin].
2021-09-13 09:02:31,915 main DEBUG createLoggers(={org.springframework, org.mybatis, root})
2021-09-13 09:02:31,915 main DEBUG Configuration XmlConfiguration[location=D:\SeleniumFramework\target\test-classes\log4j2.xml] initialized
2021-09-13 09:02:31,915 main DEBUG Starting configuration XmlConfiguration[location=D:\SeleniumFramework\target\test-classes\log4j2.xml]
2021-09-13 09:02:31,915 main DEBUG Started configuration XmlConfiguration[location=D:\SeleniumFramework\target\test-classes\log4j2.xml] OK.
2021-09-13 09:02:31,915 main DEBUG Shutting down OutputStreamManager SYSTEM_OUT.false.false-1
2021-09-13 09:02:31,915 main DEBUG OutputStream closed
2021-09-13 09:02:31,915 main DEBUG Shut down OutputStreamManager SYSTEM_OUT.false.false-1, all resources released: true
2021-09-13 09:02:31,915 main DEBUG Appender DefaultConsole-1 stopped with status true
2021-09-13 09:02:31,915 main DEBUG Stopped org.apache.logging.log4j.core.config.DefaultConfiguration@1950e8a6 OK
2021-09-13 09:02:32,040 main DEBUG Registering MBean org.apache.logging.log4j2:type=73d16e93
2021-09-13 09:02:32,040 main DEBUG Registering MBean org.apache.logging.log4j2:type=73d16e93,component=StatusLogger
2021-09-13 09:02:32,040 main DEBUG Registering MBean org.apache.logging.log4j2:type=73d16e93,component=ContextSelector
2021-09-13 09:02:32,040 main DEBUG Registering MBean org.apache.logging.log4j2:type=73d16e93,component=Loggers,name=
2021-09-13 09:02:32,040 main DEBUG Registering MBean org.apache.logging.log4j2:type=73d16e93,component=Loggers,name=org.springframework
2021-09-13 09:02:32,040 main DEBUG Registering MBean org.apache.logging.log4j2:type=73d16e93,component=Loggers,name=org.mybatis
2021-09-13 09:02:32,040 main DEBUG Registering MBean org.apache.logging.log4j2:type=73d16e93,component=Appenders,name=Console
2021-09-13 09:02:32,055 main DEBUG Registering MBean org.apache.logging.log4j2:type=73d16e93,component=Appenders,name=RollingFileInfo
2021-09-13 09:02:32,055 main DEBUG Registering MBean org.apache.logging.log4j2:type=73d16e93,component=Appenders,name=RollingFileWarn
2021-09-13 09:02:32,055 main DEBUG Registering MBean org.apache.logging.log4j2:type=73d16e93,component=Appenders,name=log
2021-09-13 09:02:32,055 main DEBUG Registering MBean org.apache.logging.log4j2:type=73d16e93,component=Appenders,name=RollingFileError
2021-09-13 09:02:32,055 main DEBUG org.apache.logging.log4j.core.util.SystemClock supports precise timestamps.
2021-09-13 09:02:32,055 main DEBUG Reconfiguration complete for context[name=73d16e93] at URI D:\SeleniumFramework\target\test-classes\log4j2.xml (org.apache.logging.log4j.core.LoggerContext@160396db) with optional ClassLoader: null
2021-09-13 09:02:32,055 main DEBUG Shutdown hook enabled. Registering a new one.
2021-09-13 09:02:32,055 main DEBUG LoggerContext[name=73d16e93, org.apache.logging.log4j.core.LoggerContext@160396db] started OK.
  Given Client navigate to the loan page                                      # steps.LoanCalculatorStep.client_navigate_to_the_loan_page()
Customer information is:CustomerInfo{application_type='single', numbers_of_dependents='0', property_purpose='home to live in', income=80000, other_income=10000, living_costs=500, current_home_loan_repay=0, other_loan_repay=100, other_commit=0, total_credit_card_limits=10000, expected_loan_amount=508000}
in steps ,custoemr is:CustomerInfo{application_type='single', numbers_of_dependents='0', property_purpose='home to live in', income=80000, other_income=10000, living_costs=500, current_home_loan_repay=0, other_loan_repay=100, other_commit=0, total_credit_card_limits=10000, expected_loan_amount=508000}
income is:80000
  When they input the detailed information for themselves from test data file # steps.LoanCalculatorStep.they_input_the_detailed_information_for_themselves_as_below()
  Then they click button Work out how much I can borrow                       # steps.LoanCalculatorStep.they_click_button_work_out_how_much_i_can_borrow()
true
the calculated borrow amount is:$508,000
  Then they can get the estimate they could borrow                            # steps.LoanCalculatorStep.they_can_get_the_estimate_they_could_borrow()
  When they click on Start Over button                                        # steps.LoanCalculatorStep.theyClickOnStartOverButton()
  Then all the information has been cleared                                   # steps.LoanCalculatorStep.allTheInformationHasBeenCleared()
]]></system-out>
    <system-err><![CDATA[[main] INFO io.github.bonigarcia.wdm.WebDriverManager - Using chromedriver 93.0.4577.63 (resolved driver for Chrome 93)
[main] INFO io.github.bonigarcia.wdm.WebDriverManager - Exporting webdriver.chrome.driver as D:\Users\sherry.li\.cache\selenium\chromedriver\win32\93.0.4577.63\chromedriver.exe
Starting ChromeDriver 93.0.4577.63 (ff5c0da2ec0adeaed5550e6c7e98417dac77d98a-refs/branch-heads/4577@{#1135}) on port 42149
Only local connections are allowed.
Please see https://chromedriver.chromium.org/security-considerations for suggestions on keeping ChromeDriver safe.
ChromeDriver was started successfully.
Sep 13, 2021 9:02:37 AM org.openqa.selenium.remote.ProtocolHandshake createSession
INFO: Detected dialect: W3C
]]></system-err>
  </testcase>
  <testcase name="runScenario[&quot;Negative test- Verify the invalid output&quot;, &quot;Optional[Verify the loan calculator feature]&quot;](2)" classname="TestRunner" time="12.538">
    <system-out><![CDATA[
@scenario2
Scenario: Negative test- Verify the invalid output                                                                                                                                                  # src/test/resources/features/LoanCalculatorTest.feature:15
get  browser before test starts
  Given Client navigate to the loan page                                                                                                                                                            # steps.LoanCalculatorStep.client_navigate_to_the_loan_page()
living expense is:1
income is:0
  And they enter below data for their information as below                                                                                                                                          # steps.LoanCalculatorStep.theyEnterBelowDataForTheirInformationAsBelow(io.cucumber.datatable.DataTable)
  Then they click button Work out how much I can borrow                                                                                                                                             # steps.LoanCalculatorStep.they_click_button_work_out_how_much_i_can_borrow()
  Then they see the error message "Based on the details you've entered, we're unable to give you an estimate of your borrowing power with this calculator. For questions, call us on 1800 035 500." # steps.LoanCalculatorStep.theySeeErrorMessage(java.lang.String)
]]></system-out>
    <system-err><![CDATA[[main] INFO io.github.bonigarcia.wdm.WebDriverManager - Using chromedriver 93.0.4577.63 (resolved driver for Chrome 93)
[main] INFO io.github.bonigarcia.wdm.WebDriverManager - Exporting webdriver.chrome.driver as D:\Users\sherry.li\.cache\selenium\chromedriver\win32\93.0.4577.63\chromedriver.exe
Starting ChromeDriver 93.0.4577.63 (ff5c0da2ec0adeaed5550e6c7e98417dac77d98a-refs/branch-heads/4577@{#1135}) on port 56163
Only local connections are allowed.
Please see https://chromedriver.chromium.org/security-considerations for suggestions on keeping ChromeDriver safe.
ChromeDriver was started successfully.
Sep 13, 2021 9:02:51 AM org.openqa.selenium.remote.ProtocolHandshake createSession
INFO: Detected dialect: W3C
]]></system-err>
  </testcase>
</testsuite>